0 info it worked if it ends with ok
1 verbose cli [ 'C:\\Program Files\\nodejs\\node.exe',
1 verbose cli   'C:\\Users\\f.arbelo\\AppData\\Roaming\\npm\\node_modules\\npm\\bin\\npm-cli.js',
1 verbose cli   'start' ]
2 info using npm@3.9.6
3 info using node@v8.9.4
4 verbose run-script [ 'prestart', 'start', 'poststart' ]
5 info lifecycle test2@0.0.0~prestart: test2@0.0.0
6 silly lifecycle test2@0.0.0~prestart: no script for prestart, continuing
7 info lifecycle test2@0.0.0~start: test2@0.0.0
8 verbose lifecycle test2@0.0.0~start: unsafe-perm in lifecycle true
9 verbose lifecycle test2@0.0.0~start: PATH: C:\Users\f.arbelo\AppData\Roaming\npm\node_modules\npm\bin\node-gyp-bin;D:\workspace\test2\node_modules\.bin;C:\Program Files\nodejs;C:\Users\f.arbelo\bin;C:\Program Files\Git\mingw64\bin;C:\Program Files\Git\usr\local\bin;C:\Program Files\Git\usr\bin;C:\Program Files\Git\usr\bin;C:\Program Files\Git\mingw64\bin;C:\Program Files\Git\usr\bin;C:\Users\f.arbelo\bin;C:\ProgramData\Oracle\Java\javapath;C:\WINDOWS\system32;C:\WINDOWS;C:\WINDOWS\System32\Wbem;C:\WINDOWS\System32\WindowsPowerShell\v1.0;C:\gradle-2.1\bin;C:\Program Files (x86)\Windows Kits\8.1\Windows Performance Toolkit;C:\Program Files\Microsoft SQL Server\110\Tools\Binn;C:\Program Files\Microsoft SQL Server\120\Tools\Binn;C:\Program Files\Git\cmd;C:\Program Files\PuTTY;C:\Program Files\nodejs;C:\Program Files (x86)\SSH Communications Security\SSH Secure Shell;C:\gradle-2.1\bin;C:\Users\f.arbelo\Documents\apache-maven-3.2.5\bin;C:\Program Files (x86)\Microsoft VS Code\bin;C:\Users\f.arbelo\AppData\Local\Microsoft\WindowsApps;C:\Users\f.arbelo\AppData\Roaming\npm;C:\Program Files\Git\usr\bin\vendor_perl;C:\Program Files\Git\usr\bin\core_perl
10 verbose lifecycle test2@0.0.0~start: CWD: D:\workspace\test2
11 silly lifecycle test2@0.0.0~start: Args: [ '/d /s /c', 'node ./bin/www' ]
12 silly lifecycle test2@0.0.0~start: Returned: code: 1  signal: null
13 info lifecycle test2@0.0.0~start: Failed to exec start script
14 verbose stack Error: test2@0.0.0 start: `node ./bin/www`
14 verbose stack Exit status 1
14 verbose stack     at EventEmitter.<anonymous> (C:\Users\f.arbelo\AppData\Roaming\npm\node_modules\npm\lib\utils\lifecycle.js:245:16)
14 verbose stack     at emitTwo (events.js:126:13)
14 verbose stack     at EventEmitter.emit (events.js:214:7)
14 verbose stack     at ChildProcess.<anonymous> (C:\Users\f.arbelo\AppData\Roaming\npm\node_modules\npm\lib\utils\spawn.js:24:14)
14 verbose stack     at emitTwo (events.js:126:13)
14 verbose stack     at ChildProcess.emit (events.js:214:7)
14 verbose stack     at maybeClose (internal/child_process.js:925:16)
14 verbose stack     at Process.ChildProcess._handle.onexit (internal/child_process.js:209:5)
15 verbose pkgid test2@0.0.0
16 verbose cwd D:\workspace\test2
17 error Windows_NT 10.0.16299
18 error argv "C:\\Program Files\\nodejs\\node.exe" "C:\\Users\\f.arbelo\\AppData\\Roaming\\npm\\node_modules\\npm\\bin\\npm-cli.js" "start"
19 error node v8.9.4
20 error npm  v3.9.6
21 error code ELIFECYCLE
22 error test2@0.0.0 start: `node ./bin/www`
22 error Exit status 1
23 error Failed at the test2@0.0.0 start script 'node ./bin/www'.
23 error Make sure you have the latest version of node.js and npm installed.
23 error If you do, this is most likely a problem with the test2 package,
23 error not with npm itself.
23 error Tell the author that this fails on your system:
23 error     node ./bin/www
23 error You can get information on how to open an issue for this project with:
23 error     npm bugs test2
23 error Or if that isn't available, you can get their info via:
23 error     npm owner ls test2
23 error There is likely additional logging output above.
24 verbose exit [ 1, true ]
